Build started 22.4.2013 г. 16:31:44.
Project "C:\DataWin8\Cplusplus.cpp\PracticalProjects\Rational\Rational\Rational.vcxproj" on node 2 (Build target(s)).
ClCompile:
  C:\Program Files\Microsoft Visual Studio 11.0\VC\bin\CL.exe /c /ZI /nologo /W3 /WX- /Od /Oy- /D WIN32 /D _DEBUG /D _CONSOLE /D _UNICODE /D UNICODE /Gm /EHsc /RTC1 /MDd /GS /fp:precise /Zc:wchar_t /Zc:forScope /Fo"Debug\\" /Fd"Debug\vc110.pdb" /Gd /TP /analyze- /errorReport:prompt Rational.cpp Source.cpp
  Rational.cpp
c:\datawin8\cplusplus.cpp\practicalprojects\rational\rational\rational.cpp(16): warning C4996: 'strcpy': This function or variable may be unsafe. Consider using strcpy_s instead. To disable deprecation, use _CRT_SECURE_NO_WARNINGS. See online help for details.
          c:\program files\microsoft visual studio 11.0\vc\include\string.h(110) : see declaration of 'strcpy'
c:\datawin8\cplusplus.cpp\practicalprojects\rational\rational\rational.cpp(22): warning C4996: 'strcpy': This function or variable may be unsafe. Consider using strcpy_s instead. To disable deprecation, use _CRT_SECURE_NO_WARNINGS. See online help for details.
          c:\program files\microsoft visual studio 11.0\vc\include\string.h(110) : see declaration of 'strcpy'
c:\datawin8\cplusplus.cpp\practicalprojects\rational\rational\rational.cpp(31): warning C4996: 'strcpy': This function or variable may be unsafe. Consider using strcpy_s instead. To disable deprecation, use _CRT_SECURE_NO_WARNINGS. See online help for details.
          c:\program files\microsoft visual studio 11.0\vc\include\string.h(110) : see declaration of 'strcpy'
c:\datawin8\cplusplus.cpp\practicalprojects\rational\rational\rational.cpp(60): warning C4996: 'strcpy': This function or variable may be unsafe. Consider using strcpy_s instead. To disable deprecation, use _CRT_SECURE_NO_WARNINGS. See online help for details.
          c:\program files\microsoft visual studio 11.0\vc\include\string.h(110) : see declaration of 'strcpy'
c:\datawin8\cplusplus.cpp\practicalprojects\rational\rational\rational.cpp(68): warning C4996: 'strcpy': This function or variable may be unsafe. Consider using strcpy_s instead. To disable deprecation, use _CRT_SECURE_NO_WARNINGS. See online help for details.
          c:\program files\microsoft visual studio 11.0\vc\include\string.h(110) : see declaration of 'strcpy'
c:\datawin8\cplusplus.cpp\practicalprojects\rational\rational\rational.cpp(96): warning C4172: returning address of local variable or temporary
c:\datawin8\cplusplus.cpp\practicalprojects\rational\rational\rational.cpp(218): warning C4172: returning address of local variable or temporary
  Generating Code...
c:\datawin8\cplusplus.cpp\practicalprojects\rational\rational\rational.cpp(74): warning C4715: 'Rational::operator=' : not all control paths return a value
  Compiling...
  Source.cpp
  Generating Code...
Link:
  C:\Program Files\Microsoft Visual Studio 11.0\VC\bin\link.exe /ERRORREPORT:PROMPT /OUT:"C:\DataWin8\Cplusplus.cpp\PracticalProjects\Rational\Debug\Rational.exe" /INCREMENTAL /NOLOGO kernel32.lib user32.lib gdi32.lib winspool.lib comdlg32.lib advapi32.lib shell32.lib ole32.lib oleaut32.lib uuid.lib odbc32.lib odbccp32.lib /MANIFEST /MANIFESTUAC:"level='asInvoker' uiAccess='false'" /manifest:embed /DEBUG /PDB:"C:\DataWin8\Cplusplus.cpp\PracticalProjects\Rational\Debug\Rational.pdb" /SUBSYSTEM:CONSOLE /TLBID:1 /DYNAMICBASE /NXCOMPAT /IMPLIB:"C:\DataWin8\Cplusplus.cpp\PracticalProjects\Rational\Debug\Rational.lib" /MACHINE:X86 Debug\Rational.obj
  Debug\Source.obj
  Rational.vcxproj -> C:\DataWin8\Cplusplus.cpp\PracticalProjects\Rational\Debug\Rational.exe
Done Building Project "C:\DataWin8\Cplusplus.cpp\PracticalProjects\Rational\Rational\Rational.vcxproj" (Build target(s)).

Build succeeded.

Time Elapsed 00:00:05.11
