Build started 6.6.2013 г. 23:11:46.
Project "C:\DataWin8\Cplusplus.cpp\PracticalProjects\PracticalProjectMusicShop1\mobilePhoneRealisation\mobilePhoneRealisation.vcxproj" on node 2 (Build target(s)).
ClCompile:
  C:\Program Files\Microsoft Visual Studio 11.0\VC\bin\CL.exe /c /ZI /nologo /W3 /WX- /sdl /Od /Oy- /D _MBCS /Gm /EHsc /RTC1 /MDd /GS /fp:precise /Zc:wchar_t /Zc:forScope /Fo"Debug\\" /Fd"Debug\vc110.pdb" /Gd /TP /analyze- /errorReport:prompt Classes.cpp Source.cpp
  Source.cpp
c:\datawin8\cplusplus.cpp\practicalprojects\practicalprojectmusicshop1\mobilephonerealisation\classes.h(22): error C4430: missing type specifier - int assumed. Note: C++ does not support default-int
c:\datawin8\cplusplus.cpp\practicalprojects\practicalprojectmusicshop1\mobilephonerealisation\classes.h(22): error C2143: syntax error : missing ',' before '&'
c:\datawin8\cplusplus.cpp\practicalprojects\practicalprojectmusicshop1\mobilephonerealisation\classes.h(86): error C2146: syntax error : missing ';' before identifier 's'
c:\datawin8\cplusplus.cpp\practicalprojects\practicalprojectmusicshop1\mobilephonerealisation\classes.h(86): error C4430: missing type specifier - int assumed. Note: C++ does not support default-int
c:\datawin8\cplusplus.cpp\practicalprojects\practicalprojectmusicshop1\mobilephonerealisation\classes.h(38): error C2614: 'Phone' : illegal member initialization: 's' is not a base or member
c:\datawin8\cplusplus.cpp\practicalprojects\practicalprojectmusicshop1\mobilephonerealisation\classes.h(43): error C2065: 's' : undeclared identifier
c:\datawin8\cplusplus.cpp\practicalprojects\practicalprojectmusicshop1\mobilephonerealisation\classes.h(43): error C2228: left of '.getCap' must have class/struct/union
          type is ''unknown-type''
c:\datawin8\cplusplus.cpp\practicalprojects\practicalprojectmusicshop1\mobilephonerealisation\classes.h(45): error C2065: 's' : undeclared identifier
c:\datawin8\cplusplus.cpp\practicalprojects\practicalprojectmusicshop1\mobilephonerealisation\classes.h(45): error C2228: left of '.getFreeSpace' must have class/struct/union
          type is ''unknown-type''
c:\datawin8\cplusplus.cpp\practicalprojects\practicalprojectmusicshop1\mobilephonerealisation\classes.h(52): error C2065: 's' : undeclared identifier
c:\datawin8\cplusplus.cpp\practicalprojects\practicalprojectmusicshop1\mobilephonerealisation\classes.h(52): error C2228: left of '.printAllApps' must have class/struct/union
          type is ''unknown-type''
c:\datawin8\cplusplus.cpp\practicalprojects\practicalprojectmusicshop1\mobilephonerealisation\classes.h(56): error C2664: 'Application::canBeInstallOn' : cannot convert parameter 1 from 'Phone' to 'const int'
          No user-defined-conversion operator available that can perform this conversion, or the operator cannot be called
c:\datawin8\cplusplus.cpp\practicalprojects\practicalprojectmusicshop1\mobilephonerealisation\classes.h(64): error C2065: 's' : undeclared identifier
c:\datawin8\cplusplus.cpp\practicalprojects\practicalprojectmusicshop1\mobilephonerealisation\classes.h(64): error C2228: left of '.hasApp' must have class/struct/union
          type is ''unknown-type''
c:\datawin8\cplusplus.cpp\practicalprojects\practicalprojectmusicshop1\mobilephonerealisation\classes.h(70): error C2065: 's' : undeclared identifier
c:\datawin8\cplusplus.cpp\practicalprojects\practicalprojectmusicshop1\mobilephonerealisation\classes.h(70): error C2228: left of '.addApp' must have class/struct/union
          type is ''unknown-type''
  Classes.cpp
c:\datawin8\cplusplus.cpp\practicalprojects\practicalprojectmusicshop1\mobilephonerealisation\classes.h(22): error C4430: missing type specifier - int assumed. Note: C++ does not support default-int
c:\datawin8\cplusplus.cpp\practicalprojects\practicalprojectmusicshop1\mobilephonerealisation\classes.h(22): error C2143: syntax error : missing ',' before '&'
c:\datawin8\cplusplus.cpp\practicalprojects\practicalprojectmusicshop1\mobilephonerealisation\classes.h(86): error C2146: syntax error : missing ';' before identifier 's'
c:\datawin8\cplusplus.cpp\practicalprojects\practicalprojectmusicshop1\mobilephonerealisation\classes.h(86): error C4430: missing type specifier - int assumed. Note: C++ does not support default-int
c:\datawin8\cplusplus.cpp\practicalprojects\practicalprojectmusicshop1\mobilephonerealisation\classes.h(38): error C2614: 'Phone' : illegal member initialization: 's' is not a base or member
c:\datawin8\cplusplus.cpp\practicalprojects\practicalprojectmusicshop1\mobilephonerealisation\classes.h(43): error C2065: 's' : undeclared identifier
c:\datawin8\cplusplus.cpp\practicalprojects\practicalprojectmusicshop1\mobilephonerealisation\classes.h(43): error C2228: left of '.getCap' must have class/struct/union
          type is ''unknown-type''
c:\datawin8\cplusplus.cpp\practicalprojects\practicalprojectmusicshop1\mobilephonerealisation\classes.h(45): error C2065: 's' : undeclared identifier
c:\datawin8\cplusplus.cpp\practicalprojects\practicalprojectmusicshop1\mobilephonerealisation\classes.h(45): error C2228: left of '.getFreeSpace' must have class/struct/union
          type is ''unknown-type''
c:\datawin8\cplusplus.cpp\practicalprojects\practicalprojectmusicshop1\mobilephonerealisation\classes.h(52): error C2065: 's' : undeclared identifier
c:\datawin8\cplusplus.cpp\practicalprojects\practicalprojectmusicshop1\mobilephonerealisation\classes.h(52): error C2228: left of '.printAllApps' must have class/struct/union
          type is ''unknown-type''
c:\datawin8\cplusplus.cpp\practicalprojects\practicalprojectmusicshop1\mobilephonerealisation\classes.h(56): error C2664: 'Application::canBeInstallOn' : cannot convert parameter 1 from 'Phone' to 'const int'
          No user-defined-conversion operator available that can perform this conversion, or the operator cannot be called
c:\datawin8\cplusplus.cpp\practicalprojects\practicalprojectmusicshop1\mobilephonerealisation\classes.h(64): error C2065: 's' : undeclared identifier
c:\datawin8\cplusplus.cpp\practicalprojects\practicalprojectmusicshop1\mobilephonerealisation\classes.h(64): error C2228: left of '.hasApp' must have class/struct/union
          type is ''unknown-type''
c:\datawin8\cplusplus.cpp\practicalprojects\practicalprojectmusicshop1\mobilephonerealisation\classes.h(70): error C2065: 's' : undeclared identifier
c:\datawin8\cplusplus.cpp\practicalprojects\practicalprojectmusicshop1\mobilephonerealisation\classes.h(70): error C2228: left of '.addApp' must have class/struct/union
          type is ''unknown-type''
  Generating Code...
Done Building Project "C:\DataWin8\Cplusplus.cpp\PracticalProjects\PracticalProjectMusicShop1\mobilePhoneRealisation\mobilePhoneRealisation.vcxproj" (Build target(s)) -- FAILED.

Build FAILED.

Time Elapsed 00:00:02.67
