Build started 11/7/2013 1:05:58 PM.
     1>Project "C:\Users\Iliyan\Dropbox\F_M_I\2013-2014_semester_winter\C++SDP\05.BinaryTree\HeapTreeExersises\HeapTreeExersises\HeapTreeExersises.vcxproj" on node 2 (Build target(s)).
     1>ClCompile:
         C:\Program Files (x86)\Microsoft Visual Studio 12.0\VC\bin\CL.exe /c /ZI /nologo /W3 /WX- /sdl /Od /Oy- /D WIN32 /D _DEBUG /D _CONSOLE /D _LIB /D _UNICODE /D UNICODE /Gm /EHsc /RTC1 /MDd /GS /fp:precise /Zc:wchar_t /Zc:forScope /Fo"Debug\\" /Fd"Debug\vc120.pdb" /Gd /TP /analyze- /errorReport:prompt Main.cpp
         Main.cpp
     1>c:\users\iliyan\dropbox\f_m_i\2013-2014_semester_winter\c++sdp\05.binarytree\heaptreeexersises\heaptreeexersises\main.cpp(3): warning C4067: unexpected tokens following preprocessor directive - expected a newline
     1>c:\users\iliyan\dropbox\f_m_i\2013-2014_semester_winter\c++sdp\05.binarytree\heaptreeexersises\heaptreeexersises\main.cpp(4): warning C4067: unexpected tokens following preprocessor directive - expected a newline
     1>c:\users\iliyan\dropbox\f_m_i\2013-2014_semester_winter\c++sdp\05.binarytree\heaptreeexersises\heaptreeexersises\minmaxheap.h(27): warning C4018: '>' : signed/unsigned mismatch
                 c:\users\iliyan\dropbox\f_m_i\2013-2014_semester_winter\c++sdp\05.binarytree\heaptreeexersises\heaptreeexersises\minmaxheap.h(25) : while compiling class template member function 'bool MinMaxHeap<int>::LeftChild(size_t,size_t &)'
                 c:\users\iliyan\dropbox\f_m_i\2013-2014_semester_winter\c++sdp\05.binarytree\heaptreeexersises\heaptreeexersises\main.cpp(9) : see reference to class template instantiation 'MinMaxHeap<int>' being compiled
     1>c:\users\iliyan\dropbox\f_m_i\2013-2014_semester_winter\c++sdp\05.binarytree\heaptreeexersises\heaptreeexersises\minmaxheap.h(39): warning C4018: '>' : signed/unsigned mismatch
                 c:\users\iliyan\dropbox\f_m_i\2013-2014_semester_winter\c++sdp\05.binarytree\heaptreeexersises\heaptreeexersises\minmaxheap.h(37) : while compiling class template member function 'bool MinMaxHeap<int>::RightChild(size_t,size_t &)'
     1>c:\users\iliyan\dropbox\f_m_i\2013-2014_semester_winter\c++sdp\05.binarytree\heaptreeexersises\heaptreeexersises\main.cpp(8): warning C4661: 'Iterator<int>::Iterator(void)' : no suitable definition provided for explicit template instantiation request
                 c:\users\iliyan\dropbox\f_m_i\2013-2014_semester_winter\c++sdp\05.binarytree\heaptreeexersises\heaptreeexersises\iterator.h(12) : see declaration of 'Iterator<int>::Iterator'
     1>c:\users\iliyan\dropbox\f_m_i\2013-2014_semester_winter\c++sdp\05.binarytree\heaptreeexersises\heaptreeexersises\main.cpp(8): warning C4661: 'Iterator<int>::~Iterator(void)' : no suitable definition provided for explicit template instantiation request
                 c:\users\iliyan\dropbox\f_m_i\2013-2014_semester_winter\c++sdp\05.binarytree\heaptreeexersises\heaptreeexersises\iterator.h(13) : see declaration of 'Iterator<int>::~Iterator'
       Link:
         C:\Program Files (x86)\Microsoft Visual Studio 12.0\VC\bin\link.exe /ERRORREPORT:PROMPT /OUT:"C:\Users\Iliyan\Dropbox\F_M_I\2013-2014_semester_winter\C++SDP\05.BinaryTree\HeapTreeExersises\Debug\HeapTreeExersises.exe" /INCREMENTAL /NOLOGO kernel32.lib user32.lib gdi32.lib winspool.lib comdlg32.lib advapi32.lib shell32.lib ole32.lib oleaut32.lib uuid.lib odbc32.lib odbccp32.lib /MANIFEST /MANIFESTUAC:"level='asInvoker' uiAccess='false'" /manifest:embed /DEBUG /PDB:"C:\Users\Iliyan\Dropbox\F_M_I\2013-2014_semester_winter\C++SDP\05.BinaryTree\HeapTreeExersises\Debug\HeapTreeExersises.pdb" /SUBSYSTEM:CONSOLE /TLBID:1 /DYNAMICBASE /NXCOMPAT /IMPLIB:"C:\Users\Iliyan\Dropbox\F_M_I\2013-2014_semester_winter\C++SDP\05.BinaryTree\HeapTreeExersises\Debug\HeapTreeExersises.lib" /MACHINE:X86 Debug\Main.obj
         HeapTreeExersises.vcxproj -> C:\Users\Iliyan\Dropbox\F_M_I\2013-2014_semester_winter\C++SDP\05.BinaryTree\HeapTreeExersises\Debug\HeapTreeExersises.exe
     1>Done Building Project "C:\Users\Iliyan\Dropbox\F_M_I\2013-2014_semester_winter\C++SDP\05.BinaryTree\HeapTreeExersises\HeapTreeExersises\HeapTreeExersises.vcxproj" (Build target(s)).

Build succeeded.

Time Elapsed 00:00:04.89
