Build started 5.7.2013 г. 23:44:58.
     1>Project "D:\OOP\PracticalProjects1\PracticalProjects1\Figures\Figures.vcxproj" on node 2 (Build target(s)).
     1>ClCompile:
         C:\Program Files\Microsoft Visual Studio 11.0\VC\bin\CL.exe /c /ZI /nologo /W3 /WX- /Od /Oy- /D WIN32 /D _DEBUG /D _CONSOLE /D _UNICODE /D UNICODE /Gm /EHsc /RTC1 /MDd /GS /fp:precise /Zc:wchar_t /Zc:forScope /Fo"Debug\\" /Fd"Debug\vc110.pdb" /Gd /TP /analyze- /errorReport:prompt Circle.cpp Line.cpp Main.cpp PlanarShape.cpp Plane.cpp PointsSet.cpp Rectangle.cpp Shape.cpp Triangle.cpp
         Circle.cpp
         Generating Code...
         Compiling...
         Triangle.cpp
         Shape.cpp
         Rectangle.cpp
         PointsSet.cpp
         Plane.cpp
         PlanarShape.cpp
         Main.cpp
         Line.cpp
         Generating Code...
       Link:
         C:\Program Files\Microsoft Visual Studio 11.0\VC\bin\link.exe /ERRORREPORT:PROMPT /OUT:"D:\OOP\PracticalProjects1\PracticalProjects1\Debug\Figures.exe" /INCREMENTAL /NOLOGO kernel32.lib user32.lib gdi32.lib winspool.lib comdlg32.lib advapi32.lib shell32.lib ole32.lib oleaut32.lib uuid.lib odbc32.lib odbccp32.lib /MANIFEST /MANIFESTUAC:"level='asInvoker' uiAccess='false'" /manifest:embed /DEBUG /PDB:"D:\OOP\PracticalProjects1\PracticalProjects1\Debug\Figures.pdb" /SUBSYSTEM:CONSOLE /TLBID:1 /DYNAMICBASE /NXCOMPAT /IMPLIB:"D:\OOP\PracticalProjects1\PracticalProjects1\Debug\Figures.lib" /MACHINE:X86 Debug\Circle.obj
         Debug\Line.obj
         Debug\Main.obj
         Debug\PlanarShape.obj
         Debug\Plane.obj
         Debug\PointsSet.obj
         Debug\Rectangle.obj
         Debug\Shape.obj
         Debug\Points3D.obj
         Debug\Triangle.obj
         Debug\Vector.obj
         Figures.vcxproj -> D:\OOP\PracticalProjects1\PracticalProjects1\Debug\Figures.exe
     1>Done Building Project "D:\OOP\PracticalProjects1\PracticalProjects1\Figures\Figures.vcxproj" (Build target(s)).

Build succeeded.

Time Elapsed 00:00:07.68
