Build started 5/13/2014 12:05:56 PM.
     1>Project "C:\Dropbox\F_M_I\2013-2014_sem_s\DesignAndAnalizeAlgorithms\DesignAndAnalize_Practice\DesignAndAnalizeAlgorithmsCourse\FastAlgorithms\DejkstraOpitmalPathInGraph\DejkstraOpitmalPathInGraph.vcxproj" on node 2 (Build target(s)).
     1>ClCompile:
         C:\Program Files (x86)\Microsoft Visual Studio 12.0\VC\bin\CL.exe /c /ZI /nologo /W3 /WX- /sdl /Od /Oy- /D WIN32 /D _DEBUG /D _CONSOLE /D _LIB /D _CRT_SECURE_NO_WARNINGS /D _UNICODE /D UNICODE /Gm /EHsc /RTC1 /MDd /GS /fp:precise /Zc:wchar_t /Zc:forScope /Fo"Debug\\" /Fd"Debug\vc120.pdb" /Gd /TP /analyze- /errorReport:prompt OverLoad_HW_3.cpp
         OverLoad_HW_3.cpp
     1>c:\dropbox\f_m_i\2013-2014_sem_s\designandanalizealgorithms\designandanalize_practice\designandanalizealgorithmscourse\fastalgorithms\dejkstraopitmalpathingraph\overload_hw_3.cpp(55): warning C4244: 'initializing' : conversion from '__int64' to 'int', possible loss of data
     1>c:\dropbox\f_m_i\2013-2014_sem_s\designandanalizealgorithms\designandanalize_practice\designandanalizealgorithmscourse\fastalgorithms\dejkstraopitmalpathingraph\overload_hw_3.cpp(58): warning C4018: '<' : signed/unsigned mismatch
     1>c:\dropbox\f_m_i\2013-2014_sem_s\designandanalizealgorithms\designandanalize_practice\designandanalizealgorithmscourse\fastalgorithms\dejkstraopitmalpathingraph\overload_hw_3.cpp(72): warning C4244: 'initializing' : conversion from '__int64' to 'int', possible loss of data
     1>c:\dropbox\f_m_i\2013-2014_sem_s\designandanalizealgorithms\designandanalize_practice\designandanalizealgorithmscourse\fastalgorithms\dejkstraopitmalpathingraph\overload_hw_3.cpp(83): warning C4244: 'argument' : conversion from '__int64' to 'unsigned int', possible loss of data
     1>c:\dropbox\f_m_i\2013-2014_sem_s\designandanalizealgorithms\designandanalize_practice\designandanalizealgorithmscourse\fastalgorithms\dejkstraopitmalpathingraph\overload_hw_3.cpp(83): warning C4244: '+=' : conversion from 'double' to '__int64', possible loss of data
     1>c:\dropbox\f_m_i\2013-2014_sem_s\designandanalizealgorithms\designandanalize_practice\designandanalizealgorithmscourse\fastalgorithms\dejkstraopitmalpathingraph\overload_hw_3.cpp(94): warning C4244: 'argument' : conversion from '__int64' to 'unsigned int', possible loss of data
     1>c:\dropbox\f_m_i\2013-2014_sem_s\designandanalizealgorithms\designandanalize_practice\designandanalizealgorithmscourse\fastalgorithms\dejkstraopitmalpathingraph\overload_hw_3.cpp(97): warning C4244: 'argument' : conversion from '__int64' to 'unsigned int', possible loss of data
     1>c:\dropbox\f_m_i\2013-2014_sem_s\designandanalizealgorithms\designandanalize_practice\designandanalizealgorithmscourse\fastalgorithms\dejkstraopitmalpathingraph\overload_hw_3.cpp(99): warning C4244: 'argument' : conversion from '__int64' to 'unsigned int', possible loss of data
     1>c:\dropbox\f_m_i\2013-2014_sem_s\designandanalizealgorithms\designandanalize_practice\designandanalizealgorithmscourse\fastalgorithms\dejkstraopitmalpathingraph\overload_hw_3.cpp(102): warning C4244: 'argument' : conversion from '__int64' to 'unsigned int', possible loss of data
     1>c:\dropbox\f_m_i\2013-2014_sem_s\designandanalizealgorithms\designandanalize_practice\designandanalizealgorithmscourse\fastalgorithms\dejkstraopitmalpathingraph\overload_hw_3.cpp(103): warning C4244: 'argument' : conversion from '__int64' to 'unsigned int', possible loss of data
     1>c:\dropbox\f_m_i\2013-2014_sem_s\designandanalizealgorithms\designandanalize_practice\designandanalizealgorithmscourse\fastalgorithms\dejkstraopitmalpathingraph\overload_hw_3.cpp(105): warning C4244: 'initializing' : conversion from '__int64' to 'unsigned int', possible loss of data
     1>c:\dropbox\f_m_i\2013-2014_sem_s\designandanalizealgorithms\designandanalize_practice\designandanalizealgorithmscourse\fastalgorithms\dejkstraopitmalpathingraph\overload_hw_3.cpp(107): warning C4244: 'argument' : conversion from '__int64' to 'unsigned int', possible loss of data
     1>c:\dropbox\f_m_i\2013-2014_sem_s\designandanalizealgorithms\designandanalize_practice\designandanalizealgorithmscourse\fastalgorithms\dejkstraopitmalpathingraph\overload_hw_3.cpp(108): warning C4244: 'argument' : conversion from '__int64' to 'unsigned int', possible loss of data
     1>c:\dropbox\f_m_i\2013-2014_sem_s\designandanalizealgorithms\designandanalize_practice\designandanalizealgorithmscourse\fastalgorithms\dejkstraopitmalpathingraph\overload_hw_3.cpp(113): warning C4244: 'argument' : conversion from '__int64' to 'unsigned int', possible loss of data
     1>c:\dropbox\f_m_i\2013-2014_sem_s\designandanalizealgorithms\designandanalize_practice\designandanalizealgorithmscourse\fastalgorithms\dejkstraopitmalpathingraph\overload_hw_3.cpp(115): warning C4244: 'argument' : conversion from '__int64' to 'unsigned int', possible loss of data
     1>c:\dropbox\f_m_i\2013-2014_sem_s\designandanalizealgorithms\designandanalize_practice\designandanalizealgorithmscourse\fastalgorithms\dejkstraopitmalpathingraph\overload_hw_3.cpp(122): warning C4244: 'argument' : conversion from '__int64' to 'unsigned int', possible loss of data
     1>c:\dropbox\f_m_i\2013-2014_sem_s\designandanalizealgorithms\designandanalize_practice\designandanalizealgorithmscourse\fastalgorithms\dejkstraopitmalpathingraph\overload_hw_3.cpp(123): warning C4244: 'argument' : conversion from '__int64' to 'unsigned int', possible loss of data
     1>c:\dropbox\f_m_i\2013-2014_sem_s\designandanalizealgorithms\designandanalize_practice\designandanalizealgorithmscourse\fastalgorithms\dejkstraopitmalpathingraph\overload_hw_3.cpp(126): warning C4244: 'argument' : conversion from '__int64' to 'unsigned int', possible loss of data
     1>c:\dropbox\f_m_i\2013-2014_sem_s\designandanalizealgorithms\designandanalize_practice\designandanalizealgorithmscourse\fastalgorithms\dejkstraopitmalpathingraph\overload_hw_3.cpp(127): warning C4244: 'argument' : conversion from '__int64' to 'unsigned int', possible loss of data
     1>c:\dropbox\f_m_i\2013-2014_sem_s\designandanalizealgorithms\designandanalize_practice\designandanalizealgorithmscourse\fastalgorithms\dejkstraopitmalpathingraph\overload_hw_3.cpp(134): warning C4244: 'argument' : conversion from '__int64' to 'unsigned int', possible loss of data
     1>c:\dropbox\f_m_i\2013-2014_sem_s\designandanalizealgorithms\designandanalize_practice\designandanalizealgorithmscourse\fastalgorithms\dejkstraopitmalpathingraph\overload_hw_3.cpp(135): warning C4244: 'argument' : conversion from '__int64' to 'unsigned int', possible loss of data
     1>c:\dropbox\f_m_i\2013-2014_sem_s\designandanalizealgorithms\designandanalize_practice\designandanalizealgorithmscourse\fastalgorithms\dejkstraopitmalpathingraph\overload_hw_3.cpp(142): warning C4244: 'argument' : conversion from '__int64' to 'unsigned int', possible loss of data
     1>c:\dropbox\f_m_i\2013-2014_sem_s\designandanalizealgorithms\designandanalize_practice\designandanalizealgorithmscourse\fastalgorithms\dejkstraopitmalpathingraph\overload_hw_3.cpp(151): warning C4244: 'argument' : conversion from '__int64' to 'unsigned int', possible loss of data
     1>c:\dropbox\f_m_i\2013-2014_sem_s\designandanalizealgorithms\designandanalize_practice\designandanalizealgorithmscourse\fastalgorithms\dejkstraopitmalpathingraph\overload_hw_3.cpp(153): warning C4244: 'argument' : conversion from '__int64' to 'unsigned int', possible loss of data
     1>c:\dropbox\f_m_i\2013-2014_sem_s\designandanalizealgorithms\designandanalize_practice\designandanalizealgorithmscourse\fastalgorithms\dejkstraopitmalpathingraph\overload_hw_3.cpp(154): warning C4244: 'argument' : conversion from '__int64' to 'unsigned int', possible loss of data
     1>c:\dropbox\f_m_i\2013-2014_sem_s\designandanalizealgorithms\designandanalize_practice\designandanalizealgorithmscourse\fastalgorithms\dejkstraopitmalpathingraph\overload_hw_3.cpp(155): warning C4244: 'argument' : conversion from '__int64' to 'unsigned int', possible loss of data
     1>c:\dropbox\f_m_i\2013-2014_sem_s\designandanalizealgorithms\designandanalize_practice\designandanalizealgorithmscourse\fastalgorithms\dejkstraopitmalpathingraph\overload_hw_3.cpp(157): warning C4244: 'argument' : conversion from '__int64' to 'unsigned int', possible loss of data
     1>c:\dropbox\f_m_i\2013-2014_sem_s\designandanalizealgorithms\designandanalize_practice\designandanalizealgorithmscourse\fastalgorithms\dejkstraopitmalpathingraph\overload_hw_3.cpp(159): warning C4244: 'argument' : conversion from '__int64' to 'unsigned int', possible loss of data
     1>c:\dropbox\f_m_i\2013-2014_sem_s\designandanalizealgorithms\designandanalize_practice\designandanalizealgorithmscourse\fastalgorithms\dejkstraopitmalpathingraph\overload_hw_3.cpp(183): warning C4244: 'argument' : conversion from '__int64' to 'unsigned int', possible loss of data
     1>c:\dropbox\f_m_i\2013-2014_sem_s\designandanalizealgorithms\designandanalize_practice\designandanalizealgorithmscourse\fastalgorithms\dejkstraopitmalpathingraph\overload_hw_3.cpp(198): warning C4244: 'argument' : conversion from '__int64' to 'unsigned int', possible loss of data
     1>c:\dropbox\f_m_i\2013-2014_sem_s\designandanalizealgorithms\designandanalize_practice\designandanalizealgorithmscourse\fastalgorithms\dejkstraopitmalpathingraph\overload_hw_3.cpp(202): warning C4244: 'argument' : conversion from '__int64' to 'unsigned int', possible loss of data
       Link:
         C:\Program Files (x86)\Microsoft Visual Studio 12.0\VC\bin\link.exe /ERRORREPORT:PROMPT /OUT:"C:\Dropbox\F_M_I\2013-2014_sem_s\DesignAndAnalizeAlgorithms\DesignAndAnalize_Practice\DesignAndAnalizeAlgorithmsCourse\FastAlgorithms\Debug\03.DejkstraOpitmalPathInGraph.exe" /INCREMENTAL /NOLOGO kernel32.lib user32.lib gdi32.lib winspool.lib comdlg32.lib advapi32.lib shell32.lib ole32.lib oleaut32.lib uuid.lib odbc32.lib odbccp32.lib /MANIFEST /MANIFESTUAC:"level='asInvoker' uiAccess='false'" /manifest:embed /DEBUG /PDB:"C:\Dropbox\F_M_I\2013-2014_sem_s\DesignAndAnalizeAlgorithms\DesignAndAnalize_Practice\DesignAndAnalizeAlgorithmsCourse\FastAlgorithms\Debug\03.DejkstraOpitmalPathInGraph.pdb" /SUBSYSTEM:CONSOLE /TLBID:1 /DYNAMICBASE /NXCOMPAT /IMPLIB:"C:\Dropbox\F_M_I\2013-2014_sem_s\DesignAndAnalizeAlgorithms\DesignAndAnalize_Practice\DesignAndAnalizeAlgorithmsCourse\FastAlgorithms\Debug\03.DejkstraOpitmalPathInGraph.lib" /MACHINE:X86 Debug\BanicharnicaProblemT7.obj
         Debug\DejkstraOptimalPathInGraph.obj
         Debug\DijkstraOptimalAlgorithm.obj
         Debug\FloidAlgorithm.obj
         Debug\OverLoad_HW_3.obj
         Debug\toKavarnaAndBack.obj
         DejkstraOpitmalPathInGraph.vcxproj -> C:\Dropbox\F_M_I\2013-2014_sem_s\DesignAndAnalizeAlgorithms\DesignAndAnalize_Practice\DesignAndAnalizeAlgorithmsCourse\FastAlgorithms\Debug\03.DejkstraOpitmalPathInGraph.exe
     1>Done Building Project "C:\Dropbox\F_M_I\2013-2014_sem_s\DesignAndAnalizeAlgorithms\DesignAndAnalize_Practice\DesignAndAnalizeAlgorithmsCourse\FastAlgorithms\DejkstraOpitmalPathInGraph\DejkstraOpitmalPathInGraph.vcxproj" (Build target(s)).

Build succeeded.

Time Elapsed 00:00:02.20
