Build started 7.5.2013 г. 23:54:01.
Project "C:\DataWin8\Cplusplus.cpp\PracticalProjects\SolutionsExemFirst\SolutionsExemFirst.vcxproj" on node 2 (Build target(s)).
ClCompile:
  C:\Program Files\Microsoft Visual Studio 11.0\VC\bin\CL.exe /c /ZI /nologo /W3 /WX- /Od /Oy- /D WIN32 /D _DEBUG /D _CONSOLE /D _UNICODE /D UNICODE /Gm /EHsc /RTC1 /MDd /GS /fp:precise /Zc:wchar_t /Zc:forScope /Fo"Debug\\" /Fd"Debug\vc110.pdb" /Gd /TP /analyze- /errorReport:prompt Part.cpp Source.cpp bike.cpp
  Part.cpp
c:\datawin8\cplusplus.cpp\practicalprojects\solutionsexemfirst\part.cpp(8): warning C4996: 'strcpy': This function or variable may be unsafe. Consider using strcpy_s instead. To disable deprecation, use _CRT_SECURE_NO_WARNINGS. See online help for details.
          c:\program files\microsoft visual studio 11.0\vc\include\string.h(110) : see declaration of 'strcpy'
c:\datawin8\cplusplus.cpp\practicalprojects\solutionsexemfirst\part.cpp(13): warning C4996: 'strcpy': This function or variable may be unsafe. Consider using strcpy_s instead. To disable deprecation, use _CRT_SECURE_NO_WARNINGS. See online help for details.
          c:\program files\microsoft visual studio 11.0\vc\include\string.h(110) : see declaration of 'strcpy'
c:\datawin8\cplusplus.cpp\practicalprojects\solutionsexemfirst\part.cpp(18): warning C4996: 'strcpy': This function or variable may be unsafe. Consider using strcpy_s instead. To disable deprecation, use _CRT_SECURE_NO_WARNINGS. See online help for details.
          c:\program files\microsoft visual studio 11.0\vc\include\string.h(110) : see declaration of 'strcpy'
c:\datawin8\cplusplus.cpp\practicalprojects\solutionsexemfirst\part.cpp(50): warning C4996: 'strcpy': This function or variable may be unsafe. Consider using strcpy_s instead. To disable deprecation, use _CRT_SECURE_NO_WARNINGS. See online help for details.
          c:\program files\microsoft visual studio 11.0\vc\include\string.h(110) : see declaration of 'strcpy'
  Generating Code...
  Skipping... (no relevant changes detected)
  bike.cpp
  Source.cpp
Link:
  SolutionsExemFirst.vcxproj -> C:\DataWin8\Cplusplus.cpp\PracticalProjects\Rational\Debug\SolutionsExemFirst.exe
Done Building Project "C:\DataWin8\Cplusplus.cpp\PracticalProjects\SolutionsExemFirst\SolutionsExemFirst.vcxproj" (Build target(s)).

Build succeeded.

Time Elapsed 00:00:02.19
