Build started 5/11/2014 11:34:42 PM.
     1>Project "C:\Dropbox\F_M_I\2013-2014_sem_s\DesignAndAnalizeAlgorithms\DesignAndAnalize_Practice\DesignAndAnalizeAlgorithmsCourse\FastAlgorithms\00.ExamPreparation\00.ExamPreparation.vcxproj" on node 2 (Rebuild target(s)).
     1>C:\Program Files (x86)\MSBuild\Microsoft.Cpp\v4.0\V120\Microsoft.CppBuild.targets(381,5): warning MSB8028: The intermediate directory (Debug\) contains files shared from another project (00.ExamPreparation.vcxproj).  This can lead to incorrect clean and rebuild behavior.
     1>ClCompile:
         C:\Program Files (x86)\Microsoft Visual Studio 12.0\VC\bin\CL.exe /c /ZI /nologo /W3 /WX- /sdl /Od /Oy- /D WIN32 /D _DEBUG /D _CONSOLE /D _LIB /D _CRT_SECURE_NO_WARNINGS /D _UNICODE /D UNICODE /Gm /EHsc /RTC1 /MDd /GS /fp:precise /Zc:wchar_t /Zc:forScope /Fo"Debug\\" /Fd"Debug\vc120.pdb" /Gd /TP /analyze- /errorReport:prompt ActionProblemToplologicalSort.cpp Chokolate.cpp Dissolution.cpp Events.cpp
         Events.cpp
     1>c:\dropbox\f_m_i\2013-2014_sem_s\designandanalizealgorithms\designandanalize_practice\designandanalizealgorithmscourse\fastalgorithms\00.exampreparation\events.cpp(47): warning C4018: '<' : signed/unsigned mismatch
     1>c:\dropbox\f_m_i\2013-2014_sem_s\designandanalizealgorithms\designandanalize_practice\designandanalizealgorithmscourse\fastalgorithms\00.exampreparation\events.cpp(57): warning C4018: '<' : signed/unsigned mismatch
         Dissolution.cpp
     1>c:\dropbox\f_m_i\2013-2014_sem_s\designandanalizealgorithms\designandanalize_practice\designandanalizealgorithmscourse\fastalgorithms\00.exampreparation\dissolution.cpp(41): warning C4018: '<' : signed/unsigned mismatch
     1>c:\dropbox\f_m_i\2013-2014_sem_s\designandanalizealgorithms\designandanalize_practice\designandanalizealgorithmscourse\fastalgorithms\00.exampreparation\dissolution.cpp(66): warning C4018: '<' : signed/unsigned mismatch
         Chokolate.cpp
     1>c:\dropbox\f_m_i\2013-2014_sem_s\designandanalizealgorithms\designandanalize_practice\designandanalizealgorithmscourse\fastalgorithms\00.exampreparation\chokolate.cpp(27): warning C4018: '<' : signed/unsigned mismatch
     1>c:\dropbox\f_m_i\2013-2014_sem_s\designandanalizealgorithms\designandanalize_practice\designandanalizealgorithmscourse\fastalgorithms\00.exampreparation\chokolate.cpp(33): warning C4018: '<' : signed/unsigned mismatch
     1>c:\dropbox\f_m_i\2013-2014_sem_s\designandanalizealgorithms\designandanalize_practice\designandanalizealgorithmscourse\fastalgorithms\00.exampreparation\chokolate.cpp(40): warning C4018: '<' : signed/unsigned mismatch
         ActionProblemToplologicalSort.cpp
     1>c:\dropbox\f_m_i\2013-2014_sem_s\designandanalizealgorithms\designandanalize_practice\designandanalizealgorithmscourse\fastalgorithms\00.exampreparation\actionproblemtoplologicalsort.cpp(39): warning C4018: '<' : signed/unsigned mismatch
         Generating Code...
       Link:
         C:\Program Files (x86)\Microsoft Visual Studio 12.0\VC\bin\link.exe /ERRORREPORT:PROMPT /OUT:"C:\Dropbox\F_M_I\2013-2014_sem_s\DesignAndAnalizeAlgorithms\DesignAndAnalize_Practice\DesignAndAnalizeAlgorithmsCourse\FastAlgorithms\Debug\00.ExamPreparationHW.exe" /INCREMENTAL /NOLOGO kernel32.lib user32.lib gdi32.lib winspool.lib comdlg32.lib advapi32.lib shell32.lib ole32.lib oleaut32.lib uuid.lib odbc32.lib odbccp32.lib /MANIFEST /MANIFESTUAC:"level='asInvoker' uiAccess='false'" /manifest:embed /DEBUG /PDB:"C:\Dropbox\F_M_I\2013-2014_sem_s\DesignAndAnalizeAlgorithms\DesignAndAnalize_Practice\DesignAndAnalizeAlgorithmsCourse\FastAlgorithms\Debug\00.ExamPreparationHW.pdb" /SUBSYSTEM:CONSOLE /TLBID:1 /DYNAMICBASE /NXCOMPAT /IMPLIB:"C:\Dropbox\F_M_I\2013-2014_sem_s\DesignAndAnalizeAlgorithms\DesignAndAnalize_Practice\DesignAndAnalizeAlgorithmsCourse\FastAlgorithms\Debug\00.ExamPreparationHW.lib" /MACHINE:X86 Debug\ActionProblemToplologicalSort.obj
         Debug\Chokolate.obj
         Debug\Dissolution.obj
         Debug\Events.obj
         00.ExamPreparation.vcxproj -> C:\Dropbox\F_M_I\2013-2014_sem_s\DesignAndAnalizeAlgorithms\DesignAndAnalize_Practice\DesignAndAnalizeAlgorithmsCourse\FastAlgorithms\Debug\00.ExamPreparationHW.exe
     1>Done Building Project "C:\Dropbox\F_M_I\2013-2014_sem_s\DesignAndAnalizeAlgorithms\DesignAndAnalize_Practice\DesignAndAnalizeAlgorithmsCourse\FastAlgorithms\00.ExamPreparation\00.ExamPreparation.vcxproj" (Rebuild target(s)).

Build succeeded.

Time Elapsed 00:00:08.01
