Build started 5.7.2013 г. 22:07:43.
     1>Project "C:\Users\kafed_000\Documents\My Box Files\Iliqn'sData\Chess\Chess\Chess\Chess.vcxproj" on node 2 (Build target(s)).
     1>ClCompile:
         C:\Program Files\Microsoft Visual Studio 11.0\VC\bin\CL.exe /c /ZI /nologo /W3 /WX- /sdl /Od /Oy- /D _MBCS /Gm /EHsc /RTC1 /MDd /GS /fp:precise /Zc:wchar_t /Zc:forScope /Fo"Debug\\" /Fd"Debug\vc110.pdb" /FR"Debug\\" /Gd /TP /analyze- /errorReport:prompt Bishop.cpp Board.cpp Cell.cpp Engine.cpp Figure.cpp King.cpp Knight.cpp main.cpp Pawn.cpp Queen.cpp Renderer.cpp Rook.cpp
         Rook.cpp
         Renderer.cpp
         Queen.cpp
         Pawn.cpp
         main.cpp
     1>c:\users\kafed_000\documents\my box files\iliqn'sdata\chess\chess\chess\main.cpp(43): warning C4800: 'SHORT' : forcing value to bool 'true' or 'false' (performance warning)
         Knight.cpp
         King.cpp
         Figure.cpp
     1>c:\users\kafed_000\documents\my box files\iliqn'sdata\chess\chess\chess\figure.cpp(32): warning C4800: 'const int' : forcing value to bool 'true' or 'false' (performance warning)
         Engine.cpp
         Cell.cpp
         Board.cpp
         Bishop.cpp
         Generating Code...
     1>c:\users\kafed_000\documents\my box files\iliqn'sdata\chess\chess\chess\board.cpp(56): warning C4715: 'Board::isUnderAttack' : not all control paths return a value
       Link:
         C:\Program Files\Microsoft Visual Studio 11.0\VC\bin\link.exe /ERRORREPORT:PROMPT /OUT:"C:\Users\kafed_000\Documents\My Box Files\Iliqn'sData\Chess\Chess\Debug\Chess.exe" /INCREMENTAL /NOLOGO kernel32.lib user32.lib gdi32.lib winspool.lib comdlg32.lib advapi32.lib shell32.lib ole32.lib oleaut32.lib uuid.lib odbc32.lib odbccp32.lib /MANIFEST /MANIFESTUAC:"level='asInvoker' uiAccess='false'" /manifest:embed /DEBUG /PDB:"C:\Users\kafed_000\Documents\My Box Files\Iliqn'sData\Chess\Chess\Debug\Chess.pdb" /TLBID:1 /DYNAMICBASE /NXCOMPAT /IMPLIB:"C:\Users\kafed_000\Documents\My Box Files\Iliqn'sData\Chess\Chess\Debug\Chess.lib" /MACHINE:X86 Debug\Bishop.obj
         Debug\Board.obj
         Debug\Cell.obj
         Debug\Engine.obj
         Debug\Figure.obj
         Debug\King.obj
         Debug\Knight.obj
         Debug\main.obj
         Debug\Pawn.obj
         Debug\Queen.obj
         Debug\Renderer.obj
         Debug\Rook.obj
         Chess.vcxproj -> C:\Users\kafed_000\Documents\My Box Files\Iliqn'sData\Chess\Chess\Debug\Chess.exe
       BscMake:
         C:\Program Files\Microsoft Visual Studio 11.0\VC\bin\bscmake.exe /nologo /o"C:\Users\kafed_000\Documents\My Box Files\Iliqn'sData\Chess\Chess\Debug\Chess.bsc" /n Debug\Bishop.sbr Debug\Board.sbr Debug\Cell.sbr Debug\Engine.sbr Debug\Figure.sbr Debug\King.sbr Debug\Knight.sbr Debug\main.sbr Debug\Pawn.sbr Debug\Queen.sbr Debug\Renderer.sbr Debug\Rook.sbr
     1>Done Building Project "C:\Users\kafed_000\Documents\My Box Files\Iliqn'sData\Chess\Chess\Chess\Chess.vcxproj" (Build target(s)).

Build succeeded.

Time Elapsed 00:00:19.24
