Build started 4/2/2014 9:35:06 AM.
     1>Project "C:\Dropbox\F_M_I\2013-2014_sem_s\DesignAndAnalizeAlgorithms\DesignAndAnalize_Practice\FastAlgorithms\DivideAndConquer\DivideAndConquer.vcxproj" on node 2 (Build target(s)).
     1>ClCompile:
         C:\Program Files (x86)\Microsoft Visual Studio 12.0\VC\bin\CL.exe /c /ZI /nologo /W3 /WX- /sdl /Od /Oy- /D WIN32 /D _DEBUG /D _CONSOLE /D _LIB /D _CRT_SECURE_NO_WARNINGS /D _UNICODE /D UNICODE /Gm /EHsc /RTC1 /MDd /GS /fp:precise /Zc:wchar_t /Zc:forScope /Fo"Debug\\" /Fd"Debug\vc120.pdb" /Gd /TP /analyze- /errorReport:prompt PipesProblemBinary.cpp
         PipesProblemBinary.cpp
     1>c:\dropbox\f_m_i\2013-2014_sem_s\designandanalizealgorithms\designandanalize_practice\fastalgorithms\divideandconquer\pipesproblembinary.cpp(24): warning C4018: '>=' : signed/unsigned mismatch
     1>c:\dropbox\f_m_i\2013-2014_sem_s\designandanalizealgorithms\designandanalize_practice\fastalgorithms\divideandconquer\pipesproblembinary.cpp(36): warning C4244: '-=' : conversion from '__int64' to 'int', possible loss of data
     1>c:\dropbox\f_m_i\2013-2014_sem_s\designandanalizealgorithms\designandanalize_practice\fastalgorithms\divideandconquer\pipesproblembinary.cpp(53): warning C4244: 'initializing' : conversion from '__int64' to 'int', possible loss of data
     1>c:\dropbox\f_m_i\2013-2014_sem_s\designandanalizealgorithms\designandanalize_practice\fastalgorithms\divideandconquer\pipesproblembinary.cpp(60): warning C4244: '=' : conversion from '__int64' to 'int', possible loss of data
     1>c:\dropbox\f_m_i\2013-2014_sem_s\designandanalizealgorithms\designandanalize_practice\fastalgorithms\divideandconquer\pipesproblembinary.cpp(65): warning C4244: '=' : conversion from '__int64' to 'int', possible loss of data
     1>c:\dropbox\f_m_i\2013-2014_sem_s\designandanalizealgorithms\designandanalize_practice\fastalgorithms\divideandconquer\pipesproblembinary.cpp(77): warning C4018: '<' : signed/unsigned mismatch
     1>c:\dropbox\f_m_i\2013-2014_sem_s\designandanalizealgorithms\designandanalize_practice\fastalgorithms\divideandconquer\pipesproblembinary.cpp(84): warning C4018: '<' : signed/unsigned mismatch
     1>c:\dropbox\f_m_i\2013-2014_sem_s\designandanalizealgorithms\designandanalize_practice\fastalgorithms\divideandconquer\pipesproblembinary.cpp(90): warning C4018: '<' : signed/unsigned mismatch
       Link:
         C:\Program Files (x86)\Microsoft Visual Studio 12.0\VC\bin\link.exe /ERRORREPORT:PROMPT /OUT:"C:\Dropbox\F_M_I\2013-2014_sem_s\DesignAndAnalizeAlgorithms\DesignAndAnalize_Practice\FastAlgorithms\Debug\DivideAndConquer.exe" /INCREMENTAL /NOLOGO kernel32.lib user32.lib gdi32.lib winspool.lib comdlg32.lib advapi32.lib shell32.lib ole32.lib oleaut32.lib uuid.lib odbc32.lib odbccp32.lib /MANIFEST /MANIFESTUAC:"level='asInvoker' uiAccess='false'" /manifest:embed /DEBUG /PDB:"C:\Dropbox\F_M_I\2013-2014_sem_s\DesignAndAnalizeAlgorithms\DesignAndAnalize_Practice\FastAlgorithms\Debug\DivideAndConquer.pdb" /SUBSYSTEM:CONSOLE /TLBID:1 /DYNAMICBASE /NXCOMPAT /IMPLIB:"C:\Dropbox\F_M_I\2013-2014_sem_s\DesignAndAnalizeAlgorithms\DesignAndAnalize_Practice\FastAlgorithms\Debug\DivideAndConquer.lib" /MACHINE:X86 Debug\Alcoholics.obj
         Debug\BinarySearch.obj
         Debug\HeapSort.obj
         Debug\PipesProblemBinary.obj
         Debug\SubRangeProblem.obj
         Debug\SumProblem.obj
         DivideAndConquer.vcxproj -> C:\Dropbox\F_M_I\2013-2014_sem_s\DesignAndAnalizeAlgorithms\DesignAndAnalize_Practice\FastAlgorithms\Debug\DivideAndConquer.exe
     1>Done Building Project "C:\Dropbox\F_M_I\2013-2014_sem_s\DesignAndAnalizeAlgorithms\DesignAndAnalize_Practice\FastAlgorithms\DivideAndConquer\DivideAndConquer.vcxproj" (Build target(s)).

Build succeeded.

Time Elapsed 00:00:01.45
