Build started 6/29/2014 12:30:59 AM.
     1>Project "C:\Dropbox\F_M_I\2013-2014_sem_s\DesignAndAnalizeAlgorithms\DesignAndAnalize_Practice\DesignAndAnalizeAlgorithmsCourse\FastAlgorithms\DynamicProgamming\DynamicProgamming.vcxproj" on node 2 (Build target(s)).
     1>C:\Program Files (x86)\MSBuild\Microsoft.Cpp\v4.0\V120\Microsoft.CppBuild.targets(381,5): warning MSB8028: The intermediate directory (Debug\) contains files shared from another project (DynamicProgamming.vcxproj).  This can lead to incorrect clean and rebuild behavior.
     1>ClCompile:
         C:\Program Files (x86)\Microsoft Visual Studio 12.0\VC\bin\CL.exe /c /ZI /nologo /W3 /WX- /sdl /Od /Oy- /D WIN32 /D _DEBUG /D _CONSOLE /D _LIB /D _CRT_SECURE_NO_WARNINGS /D _UNICODE /D UNICODE /Gm /EHsc /RTC1 /MDd /GS /fp:precise /Zc:wchar_t /Zc:forScope /Fo"Debug\\" /Fd"Debug\vc120.pdb" /Gd /TP /analyze- /errorReport:prompt Pervazi_HW.cpp
     1>cl : Command line warning D9028: minimal rebuild failure, reverting to normal build
         Pervazi_HW.cpp
     1>c:\dropbox\f_m_i\2013-2014_sem_s\designandanalizealgorithms\designandanalize_practice\designandanalizealgorithmscourse\fastalgorithms\dynamicprogamming\pervazi_hw.cpp(32): warning C4018: '<' : signed/unsigned mismatch
     1>c:\dropbox\f_m_i\2013-2014_sem_s\designandanalizealgorithms\designandanalize_practice\designandanalizealgorithmscourse\fastalgorithms\dynamicprogamming\pervazi_hw.cpp(38): warning C4018: '<=' : signed/unsigned mismatch
     1>c:\dropbox\f_m_i\2013-2014_sem_s\designandanalizealgorithms\designandanalize_practice\designandanalizealgorithmscourse\fastalgorithms\dynamicprogamming\pervazi_hw.cpp(40): warning C4018: '<=' : signed/unsigned mismatch
     1>c:\dropbox\f_m_i\2013-2014_sem_s\designandanalizealgorithms\designandanalize_practice\designandanalizealgorithmscourse\fastalgorithms\dynamicprogamming\pervazi_hw.cpp(55): warning C4018: '<' : signed/unsigned mismatch
       Link:
         C:\Program Files (x86)\Microsoft Visual Studio 12.0\VC\bin\link.exe /ERRORREPORT:PROMPT /OUT:"C:\Dropbox\F_M_I\2013-2014_sem_s\DesignAndAnalizeAlgorithms\DesignAndAnalize_Practice\DesignAndAnalizeAlgorithmsCourse\FastAlgorithms\Debug\04.DynamicProgamming.exe" /INCREMENTAL /NOLOGO kernel32.lib user32.lib gdi32.lib winspool.lib comdlg32.lib advapi32.lib shell32.lib ole32.lib oleaut32.lib uuid.lib odbc32.lib odbccp32.lib /MANIFEST /MANIFESTUAC:"level='asInvoker' uiAccess='false'" /manifest:embed /DEBUG /PDB:"C:\Dropbox\F_M_I\2013-2014_sem_s\DesignAndAnalizeAlgorithms\DesignAndAnalize_Practice\DesignAndAnalizeAlgorithmsCourse\FastAlgorithms\Debug\04.DynamicProgamming.pdb" /SUBSYSTEM:CONSOLE /TLBID:1 /DYNAMICBASE /NXCOMPAT /IMPLIB:"C:\Dropbox\F_M_I\2013-2014_sem_s\DesignAndAnalizeAlgorithms\DesignAndAnalize_Practice\DesignAndAnalizeAlgorithmsCourse\FastAlgorithms\Debug\04.DynamicProgamming.lib" /MACHINE:X86 Debug\CntSubPalintromes.obj
         Debug\Flea.obj
         Debug\Ladders.obj
         Debug\MaxSubMatrix.obj
         Debug\MaxSubsequence.obj
         Debug\Multy.obj
         Debug\Pervazi_HW.obj
         Debug\StringTransf_HW.obj
         Debug\Tickets.obj
         Debug\Trasuare.obj
         DynamicProgamming.vcxproj -> C:\Dropbox\F_M_I\2013-2014_sem_s\DesignAndAnalizeAlgorithms\DesignAndAnalize_Practice\DesignAndAnalizeAlgorithmsCourse\FastAlgorithms\Debug\04.DynamicProgamming.exe
     1>Done Building Project "C:\Dropbox\F_M_I\2013-2014_sem_s\DesignAndAnalizeAlgorithms\DesignAndAnalize_Practice\DesignAndAnalizeAlgorithmsCourse\FastAlgorithms\DynamicProgamming\DynamicProgamming.vcxproj" (Build target(s)).

Build succeeded.

Time Elapsed 00:00:04.40
